<?xml version="1.0" encoding="utf-8"?><testsuites name="pytest tests"><testsuite name="pytest" errors="0" failures="0" skipped="0" tests="12" time="1.576" timestamp="2026-05-07T07:46:37.617496+00:00" hostname="agent-env-bdc3a23c-0e99-40f2-b444-2788aa5a3e82"><testcase classname="backend.tests.test_alux_api.TestHealth" name="test_root_ok" time="0.327" /><testcase classname="backend.tests.test_alux_api.TestInquiries" name="test_create_inquiry_valid" time="0.073" /><testcase classname="backend.tests.test_alux_api.TestInquiries" name="test_list_inquiries_no_id_leak_and_contains_created" time="0.064" /><testcase classname="backend.tests.test_alux_api.TestInquiries" name="test_invalid_email_returns_422" time="0.061" /><testcase classname="backend.tests.test_alux_api.TestInquiries" name="test_missing_name_returns_422" time="0.065" /><testcase classname="backend.tests.test_alux_api.TestInquiries" name="test_missing_email_returns_422" time="0.056" /><testcase classname="backend.tests.test_alux_api.TestInquiries" name="test_missing_message_returns_422" time="0.060" /><testcase classname="backend.tests.test_alux_api.TestInquiries" name="test_empty_name_returns_422" time="0.067" /><testcase classname="backend.tests.test_alux_api.TestBrassRodsExportInquiries" name="test_create_inquiry_brass_rods_export" time="0.123" /><testcase classname="backend.tests.test_alux_api.TestBrassRodsExportInquiries" name="test_create_inquiry_international_uae" time="0.063" /><testcase classname="backend.tests.test_alux_api.TestArabicInquiries" name="test_create_inquiry_arabic_utf8" time="0.121" /><testcase classname="backend.tests.test_alux_api.TestArabicInquiries" name="test_create_inquiry_mixed_arabic_english" time="0.060" /></testsuite></testsuites>